<?xml version="1.0" encoding="UTF-8"?>
<!-- Generated by org.testng.reporters.JUnitXMLReporter -->
<testsuite ignored="0" hostname="Maddy" failures="1" tests="1" name="Default test" time="24.657" errors="0" timestamp="2026-08-22T12:50:25 IST">
  <testcase classname="com.bank.testScript.HomePageTest" name="HomePageFunctionalityTest" time="20.068">
    <failure type="org.openqa.selenium.InvalidSelectorException" message="Unsupported CSS selector &amp;apos;*[name=&amp;apos;btnAllCatagotiers&amp;apos;]&amp;apos;
For documentation on this error, please visit: https://www.selenium.dev/documentation/webdriver/troubleshooting/errors#invalidselectorexception
Build info: version: &amp;apos;4.47.0&amp;apos;, revision: &amp;apos;9175ed9 9175ed94d83e87cc3abeb7c9fd91367d17849d35&amp;apos;
System info: os.name: &amp;apos;Windows 11&amp;apos;, os.arch: &amp;apos;amd64&amp;apos;, os.version: &amp;apos;10.0&amp;apos;, java.version: &amp;apos;25.0.3&amp;apos;
Driver info: io.appium.java_client.android.AndroidDriver
Command: [de7bdbab-23a9-4d4a-9c71-58583cc9db6f, findElement {using=css selector, value=*[name=&amp;apos;btnAllCatagotiers&amp;apos;]}]
Capabilities {appium:appActivity: industrybuying.com.industry..., appium:appPackage: industrybuying.com.industry..., appium:autoGrantPermissions: true, appium:automationName: uiautomator2, appium:databaseEnabled: false, appium:desired: {appActivity: industrybuying.com.industry..., appPackage: industrybuying.com.industry..., autoGrantPermissions: true, automationName: uiautomator2, deviceName: vivo V70 FE, ignoreHiddenApiPolicyError: true, noReset: true, platformName: ANDROID, udid: adb-10BG4M2A040041S-TDpYgf....}, appium:deviceApiLevel: 36, appium:deviceManufacturer: vivo, appium:deviceModel: V2558, appium:deviceName: adb-10BG4M2A040041S-TDpYgf...., appium:deviceScreenDensity: 520, appium:deviceScreenSize: 1260x2800, appium:deviceUDID: adb-10BG4M2A040041S-TDpYgf...., appium:ignoreHiddenApiPolicyError: true, appium:javascriptEnabled: true, appium:locationContextEnabled: false, appium:networkConnectionEnabled: true, appium:noReset: true, appium:pixelRatio: 3.25, appium:platformVersion: 16, appium:statBarHeight: 124, appium:takesScreenshot: true, appium:udid: adb-10BG4M2A040041S-TDpYgf...., appium:viewportRect: {height: 2676, left: 0, top: 124, width: 1260}, appium:warnings: {}, appium:webStorageEnabled: false, platformName: ANDROID}
Session ID: de7bdbab-23a9-4d4a-9c71-58583cc9db6f">
      <![CDATA[org.openqa.selenium.InvalidSelectorException: Unsupported CSS selector '*[name='btnAllCatagotiers']'
For documentation on this error, please visit: https://www.selenium.dev/documentation/webdriver/troubleshooting/errors#invalidselectorexception
Build info: version: '4.47.0', revision: '9175ed9 9175ed94d83e87cc3abeb7c9fd91367d17849d35'
System info: os.name: 'Windows 11', os.arch: 'amd64', os.version: '10.0', java.version: '25.0.3'
Driver info: io.appium.java_client.android.AndroidDriver
Command: [de7bdbab-23a9-4d4a-9c71-58583cc9db6f, findElement {using=css selector, value=*[name='btnAllCatagotiers']}]
Capabilities {appium:appActivity: industrybuying.com.industry..., appium:appPackage: industrybuying.com.industry..., appium:autoGrantPermissions: true, appium:automationName: uiautomator2, appium:databaseEnabled: false, appium:desired: {appActivity: industrybuying.com.industry..., appPackage: industrybuying.com.industry..., autoGrantPermissions: true, automationName: uiautomator2, deviceName: vivo V70 FE, ignoreHiddenApiPolicyError: true, noReset: true, platformName: ANDROID, udid: adb-10BG4M2A040041S-TDpYgf....}, appium:deviceApiLevel: 36, appium:deviceManufacturer: vivo, appium:deviceModel: V2558, appium:deviceName: adb-10BG4M2A040041S-TDpYgf...., appium:deviceScreenDensity: 520, appium:deviceScreenSize: 1260x2800, appium:deviceUDID: adb-10BG4M2A040041S-TDpYgf...., appium:ignoreHiddenApiPolicyError: true, appium:javascriptEnabled: true, appium:locationContextEnabled: false, appium:networkConnectionEnabled: true, appium:noReset: true, appium:pixelRatio: 3.25, appium:platformVersion: 16, appium:statBarHeight: 124, appium:takesScreenshot: true, appium:udid: adb-10BG4M2A040041S-TDpYgf...., appium:viewportRect: {height: 2676, left: 0, top: 124, width: 1260}, appium:warnings: {}, appium:webStorageEnabled: false, platformName: ANDROID}
Session ID: de7bdbab-23a9-4d4a-9c71-58583cc9db6f
at org.openqa.selenium.remote.ErrorCodec.decode(ErrorCodec.java:169)
at org.openqa.selenium.remote.codec.w3c.W3CHttpResponseCodec.decode(W3CHttpResponseCodec.java:143)
at org.openqa.selenium.remote.codec.w3c.W3CHttpResponseCodec.decode(W3CHttpResponseCodec.java:50)
at org.openqa.selenium.remote.HttpCommandExecutor.execute(HttpCommandExecutor.java:196)
at io.appium.java_client.remote.AppiumCommandExecutor.execute(AppiumCommandExecutor.java:243)
at org.openqa.selenium.remote.RemoteWebDriver.execute(RemoteWebDriver.java:653)
at org.openqa.selenium.remote.ElementLocation$ElementFinder$2.findElement(ElementLocation.java:173)
at org.openqa.selenium.remote.ElementLocation.findElement(ElementLocation.java:60)
at org.openqa.selenium.remote.RemoteWebDriver.findElement(RemoteWebDriver.java:417)
at org.openqa.selenium.remote.RemoteWebDriver.findElement(RemoteWebDriver.java:411)
at org.openqa.selenium.By$PreW3CLocator.findElement(By.java:432)
at org.openqa.selenium.By$ByName.findElement(By.java:238)
at org.openqa.selenium.support.ByIdOrName.findElement(ByIdOrName.java:51)
at org.openqa.selenium.remote.ElementLocation$ElementFinder$1.findElement(ElementLocation.java:140)
at org.openqa.selenium.remote.ElementLocation.findElement(ElementLocation.java:82)
at org.openqa.selenium.remote.RemoteWebDriver.findElement(RemoteWebDriver.java:417)
at org.openqa.selenium.remote.RemoteWebDriver.findElement(RemoteWebDriver.java:411)
at org.openqa.selenium.support.pagefactory.DefaultElementLocator.findElement(DefaultElementLocator.java:69)
at org.openqa.selenium.support.pagefactory.internal.LocatingElementHandler.invoke(LocatingElementHandler.java:38)
at jdk.proxy2/jdk.proxy2.$Proxy13.click(Unknown Source)
at com.bank.testScript.HomePageTest.HomePageFunctionalityTest(HomePageTest.java:14)
at java.base/jdk.internal.reflect.DirectMethodHandleAccessor.invoke(DirectMethodHandleAccessor.java:104)
at java.base/java.lang.reflect.Method.invoke(Method.java:565)
at org.testng.internal.invokers.MethodInvocationHelper.invokeMethod(MethodInvocationHelper.java:141)
at org.testng.internal.invokers.TestInvoker.invokeMethod(TestInvoker.java:697)
at org.testng.internal.invokers.TestInvoker.invokeTestMethod(TestInvoker.java:230)
at org.testng.internal.invokers.MethodRunner.runInSequence(MethodRunner.java:63)
at org.testng.internal.invokers.TestInvoker$MethodInvocationAgent.invoke(TestInvoker.java:1005)
at org.testng.internal.invokers.TestInvoker.invokeTestMethods(TestInvoker.java:203)
at org.testng.internal.invokers.TestMethodWorker.invokeTestMethods(TestMethodWorker.java:154)
at org.testng.internal.invokers.TestMethodWorker.run(TestMethodWorker.java:134)
at java.base/java.util.ArrayList.forEach(ArrayList.java:1604)
at org.testng.TestRunner.privateRun(TestRunner.java:744)
at org.testng.TestRunner.run(TestRunner.java:616)
at org.testng.SuiteRunner.runTest(SuiteRunner.java:421)
at org.testng.SuiteRunner.runSequentially(SuiteRunner.java:413)
at org.testng.SuiteRunner.privateRun(SuiteRunner.java:373)
at org.testng.SuiteRunner.run(SuiteRunner.java:312)
at org.testng.SuiteRunnerWorker.runSuite(SuiteRunnerWorker.java:52)
at org.testng.SuiteRunnerWorker.run(SuiteRunnerWorker.java:95)
at org.testng.TestNG.runSuitesSequentially(TestNG.java:1274)
at org.testng.TestNG.runSuitesLocally(TestNG.java:1208)
at org.testng.TestNG.runSuites(TestNG.java:1112)
at org.testng.TestNG.run(TestNG.java:1079)
at org.testng.remote.AbstractRemoteTestNG.run(AbstractRemoteTestNG.java:115)
at org.testng.remote.RemoteTestNG.initAndRun(RemoteTestNG.java:293)
at org.testng.remote.RemoteTestNG.main(RemoteTestNG.java:91)
]]>
    </failure>
  </testcase> <!-- HomePageFunctionalityTest -->
</testsuite> <!-- Default test -->
