<?xml version="1.0" encoding="UTF-8"?>
<testng-results ignored="0" total="1" passed="1" failed="0" skipped="0">
  <reporter-output>
  </reporter-output>
  <suite started-at="2026-08-23T20:41:58 IST" name="Suite" finished-at="2026-08-23T20:42:07 IST" duration-ms="8739">
    <groups>
    </groups>
    <test started-at="2026-08-23T20:41:58 IST" name="Test" finished-at="2026-08-23T20:42:07 IST" duration-ms="8739">
      <class name="com.bank.testScript.HomePageTest">
        <test-method is-config="true" signature="startServer()[pri:0, instance:com.bank.testScript.HomePageTest@158da8e]" started-at="2026-08-23T20:41:54 IST" name="startServer" finished-at="2026-08-23T20:41:58 IST" duration-ms="4713" status="PASS">
          <reporter-output>
          </reporter-output>
        </test-method> <!-- startServer -->
        <test-method is-config="true" signature="launchApp()[pri:0, instance:com.bank.testScript.HomePageTest@158da8e]" started-at="2026-08-23T20:41:58 IST" name="launchApp" finished-at="2026-08-23T20:42:04 IST" duration-ms="5457" status="PASS">
          <reporter-output>
          </reporter-output>
        </test-method> <!-- launchApp -->
        <test-method signature="HomePageFunctionalityTest()[pri:0, instance:com.bank.testScript.HomePageTest@158da8e]" started-at="2026-08-23T20:42:04 IST" name="HomePageFunctionalityTest" finished-at="2026-08-23T20:42:07 IST" duration-ms="3227" status="PASS">
          <reporter-output>
          </reporter-output>
        </test-method> <!-- HomePageFunctionalityTest -->
        <test-method is-config="true" signature="stopServer()[pri:0, instance:com.bank.testScript.HomePageTest@158da8e]" started-at="2026-08-23T20:42:07 IST" name="stopServer" finished-at="2026-08-23T20:42:07 IST" duration-ms="49" status="PASS">
          <reporter-output>
          </reporter-output>
        </test-method> <!-- stopServer -->
      </class> <!-- com.bank.testScript.HomePageTest -->
    </test> <!-- Test -->
  </suite> <!-- Suite -->
</testng-results>
